<?xml version="1.0" encoding="UTF-8"?>
<!-- Generated by org.testng.reporters.JUnitXMLReporter -->
<testsuite hostname="ONUR-PC" ignored="0" name="LoginTest" tests="3" failures="1" timestamp="12 Oct 2017 23:16:00 GMT" time="40.354" errors="0">
  <testcase name="invalidLoginTest_InvalidUserNameInvalidPassword" time="14.503" classname="tests.LoginTests"/>
  <testcase name="invalidLoginTest_EmptyUserEmptyPassword" time="4.839" classname="tests.LoginTests">
    <skipped/>
  </testcase> <!-- invalidLoginTest_EmptyUserEmptyPassword -->
  <testcase name="invalidLoginTest_EmptyUserEmptyPassword" time="6.641" classname="tests.LoginTests">
    <failure type="java.lang.AssertionError" message="expected [WRONG MESSAGE FOR FAILURE!] but found [Bu alanın doldurulması zorunludur.]">
      <![CDATA[java.lang.AssertionError: expected [WRONG MESSAGE FOR FAILURE!] but found [Bu alanın doldurulması zorunludur.]
	at pages.LoginPage.verifyLoginPassword(LoginPage.java:40)
	at tests.LoginTests.invalidLoginTest_EmptyUserEmptyPassword(LoginTests.java:57)
... Removed 34 stack frames]]>
    </failure>
  </testcase> <!-- invalidLoginTest_EmptyUserEmptyPassword -->
</testsuite> <!-- LoginTest -->
