<?xml version="1.0" encoding="UTF-8"?>
<testsuite xmlns:xsi="http://www.w3.org/2001/XMLSchema-instance" xsi:noNamespaceSchemaLocation="https://maven.apache.org/surefire/maven-surefire-plugin/xsd/surefire-test-report.xsd" name="TestSuite" time="47.444" tests="3" errors="0" skipped="1" failures="1">
  <properties>
[...]
</properties>
  <testcase name="invalidLoginTest_InvalidUserNameInvalidPassword" classname="tests.LoginTests" time="14.553"/>
  <testcase name="invalidLoginTest_EmptyUserEmptyPassword" classname="tests.LoginTests" time="0">
    <skipped message="expected [WRONG MESSAGE FOR FAILURE!] but found [Bu alanın doldurulması zorunludur.]"/>
    <system-out><![CDATA[I am in onTestSuccess method invalidLoginTest_InvalidUserNameInvalidPassword succeed
I am in onTestStart method invalidLoginTest_EmptyUserEmptyPassword start
]]></system-out>
  </testcase>
  <testcase name="invalidLoginTest_EmptyUserEmptyPassword" classname="tests.LoginTests" time="6.662">
    <failure message="expected [WRONG MESSAGE FOR FAILURE!] but found [Bu alanın doldurulması zorunludur.]" type="java.lang.AssertionError">java.lang.AssertionError: expected [WRONG MESSAGE FOR FAILURE!] but found [Bu alanın doldurulması zorunludur.]
	at tests.LoginTests.invalidLoginTest_EmptyUserEmptyPassword(LoginTests.java:57)
</failure>
    <system-out><![CDATA[I am in onTestSkipped method invalidLoginTest_EmptyUserEmptyPassword skipped
I am in onTestStart method invalidLoginTest_EmptyUserEmptyPassword start
]]></system-out>
  </testcase>
</testsuite>